<?xml version="1.0" encoding="UTF-8"?>
<!-- Generated by org.testng.reporters.JUnitReportReporter -->
<testsuite skipped="0" hostname="DESKTOP-0FSG9OD" name="com.sample.test.demo.tests.DemoTest" tests="3" failures="0" timestamp="15 Feb 2021 18:10:45 GMT" time="5.453" errors="0">
  <testcase name="demoTest" time="0.012" classname="com.sample.test.demo.tests.DemoTest"/>
  <testcase name="negativeTest" time="3.226" classname="com.sample.test.demo.tests.DemoTest"/>
  <testcase name="positiveTest" time="2.215" classname="com.sample.test.demo.tests.DemoTest"/>
</testsuite> <!-- com.sample.test.demo.tests.DemoTest -->
